<?xml version="1.0" encoding="UTF-8"?>
<testsuite xmlns:xsi="http://www.w3.org/2001/XMLSchema-instance" xsi:noNamespaceSchemaLocation="https://maven.apache.org/surefire/maven-surefire-plugin/xsd/surefire-test-report-3.0.xsd" version="3.0" name="cn.tjh666.httpframework.HttpServerTest" time="7.198" tests="7" errors="0" skipped="0" failures="0">
  <properties>
[...]
</properties>
  <testcase name="testNotFoundRequest" classname="cn.tjh666.httpframework.HttpServerTest" time="1.103">
    <system-out><![CDATA[HTTP Server starting on port 18080
Registered routes:
  GET /test/hello
  POST /test/users
  GET /test/users/{id}
  GET /test/custom
  GET /test/error
  GET /test/search
]]></system-out>
  </testcase>
  <testcase name="testQueryParameterRequest" classname="cn.tjh666.httpframework.HttpServerTest" time="1.008">
    <system-out><![CDATA[HTTP Server starting on port 18080
Registered routes:
  GET /test/hello
  POST /test/users
  GET /test/users/{id}
  GET /test/custom
  GET /test/error
  GET /test/search
]]></system-out>
  </testcase>
  <testcase name="testCustomResponse" classname="cn.tjh666.httpframework.HttpServerTest" time="1.014">
    <system-out><![CDATA[HTTP Server starting on port 18080
Registered routes:
  GET /test/hello
  POST /test/users
  GET /test/users/{id}
  GET /test/custom
  GET /test/error
  GET /test/search
]]></system-out>
  </testcase>
  <testcase name="testPostRequest" classname="cn.tjh666.httpframework.HttpServerTest" time="1.015">
    <system-out><![CDATA[HTTP Server starting on port 18080
Registered routes:
  GET /test/hello
  POST /test/users
  GET /test/users/{id}
  GET /test/custom
  GET /test/error
  GET /test/search
]]></system-out>
  </testcase>
  <testcase name="testPathParameterRequest" classname="cn.tjh666.httpframework.HttpServerTest" time="1.019">
    <system-out><![CDATA[HTTP Server starting on port 18080
Registered routes:
  GET /test/hello
  POST /test/users
  GET /test/users/{id}
  GET /test/custom
  GET /test/error
  GET /test/search
]]></system-out>
  </testcase>
  <testcase name="testSimpleGetRequest" classname="cn.tjh666.httpframework.HttpServerTest" time="1.026">
    <system-out><![CDATA[HTTP Server starting on port 18080
Registered routes:
  GET /test/hello
  POST /test/users
  GET /test/users/{id}
  GET /test/custom
  GET /test/error
  GET /test/search
]]></system-out>
  </testcase>
  <testcase name="testExceptionHandling" classname="cn.tjh666.httpframework.HttpServerTest" time="1.009">
    <system-out><![CDATA[HTTP Server starting on port 18080
Registered routes:
  GET /test/hello
  POST /test/users
  GET /test/users/{id}
  GET /test/custom
  GET /test/error
  GET /test/search
]]></system-out>
  </testcase>
</testsuite>